# JRE version: OpenJDK Runtime Environment (11.0.12+7) (build 11.0.12+7-b1504.28-7817840)
# Java VM: OpenJDK 64-Bit Server VM (11.0.12+7-b1504.28-7817840, mixed mode, tiered, compressed oops, g1 gc, windows-amd64)
Heap:
 garbage-first heap   total 852992K, used 214785K [0x0000000080000000, 0x0000000100000000)
  region size 1024K, 5 young (5120K), 5 survivors (5120K)
 Metaspace       used 154770K, capacity 158892K, committed 159188K, reserved 1187840K
  class space    used 18963K, capacity 20440K, committed 20556K, reserved 1048576K
GC Heap History (20 events):
Event: 3013.224 GC heap after
{Heap after GC invocations=61 (full 0):
 garbage-first heap   total 262144K, used 216115K [0x0000000080000000, 0x0000000100000000)
  region size 1024K, 3 young (3072K), 3 survivors (3072K)
 Metaspace       used 148758K, capacity 152736K, committed 152916K, reserved 1183744K
  class space    used 18206K, capacity 19637K, committed 19660K, reserved 1048576K
}
Event: 3013.308 GC heap before
{Heap before GC invocations=61 (full 0):
 garbage-first heap   total 262144K, used 225331K [0x0000000080000000, 0x0000000100000000)
  region size 1024K, 15 young (15360K), 3 survivors (3072K)
 Metaspace       used 148436K, capacity 152189K, committed 152916K, reserved 1183744K
  class space    used 18095K, capacity 19437K, committed 19660K, reserved 1048576K
}
Event: 3013.313 GC heap after
{Heap after GC invocations=62 (full 0):
 garbage-first heap   total 262144K, used 215262K [0x0000000080000000, 0x0000000100000000)
  region size 1024K, 2 young (2048K), 2 survivors (2048K)
 Metaspace       used 148436K, capacity 152189K, committed 152916K, reserved 1183744K
  class space    used 18095K, capacity 19437K, committed 19660K, reserved 1048576K
}
Event: 3013.364 GC heap before
{Heap before GC invocations=62 (full 0):
 garbage-first heap   total 262144K, used 228574K [0x0000000080000000, 0x0000000100000000)
  region size 1024K, 15 young (15360K), 2 survivors (2048K)
 Metaspace       used 148446K, capacity 152191K, committed 152916K, reserved 1183744K
  class space    used 18102K, capacity 19437K, committed 19660K, reserved 1048576K
}
Event: 3013.370 GC heap after
{Heap after GC invocations=63 (full 0):
 garbage-first heap   total 262144K, used 217660K [0x0000000080000000, 0x0000000100000000)
  region size 1024K, 2 young (2048K), 2 survivors (2048K)
 Metaspace       used 148446K, capacity 152191K, committed 152916K, reserved 1183744K
  class space    used 18102K, capacity 19437K, committed 19660K, reserved 1048576K
}
Event: 3013.409 GC heap before
{Heap before GC invocations=63 (full 0):
 garbage-first heap   total 262144K, used 229948K [0x0000000080000000, 0x0000000100000000)
  region size 1024K, 14 young (14336K), 2 survivors (2048K)
 Metaspace       used 148446K, capacity 152191K, committed 152916K, reserved 1183744K
  class space    used 18102K, capacity 19437K, committed 19660K, reserved 1048576K
}
Event: 3013.416 GC heap after
{Heap after GC invocations=64 (full 0):
 garbage-first heap   total 262144K, used 220033K [0x0000000080000000, 0x0000000100000000)
  region size 1024K, 2 young (2048K), 2 survivors (2048K)
 Metaspace       used 148446K, capacity 152191K, committed 152916K, reserved 1183744K
  class space    used 18102K, capacity 19437K, committed 19660K, reserved 1048576K
}
Event: 3013.441 GC heap before
{Heap before GC invocations=64 (full 0):
 garbage-first heap   total 262144K, used 230273K [0x0000000080000000, 0x0000000100000000)
  region size 1024K, 12 young (12288K), 2 survivors (2048K)
 Metaspace       used 148518K, capacity 152287K, committed 153044K, reserved 1183744K
  class space    used 18126K, capacity 19469K, committed 19788K, reserved 1048576K
}
Event: 3013.449 GC heap after
{Heap after GC invocations=65 (full 0):
 garbage-first heap   total 262144K, used 222144K [0x0000000080000000, 0x0000000100000000)
  region size 1024K, 2 young (2048K), 2 survivors (2048K)
 Metaspace       used 148518K, capacity 152287K, committed 153044K, reserved 1183744K
  class space    used 18126K, capacity 19469K, committed 19788K, reserved 1048576K
}
Event: 3013.484 GC heap before
{Heap before GC invocations=66 (full 0):
 garbage-first heap   total 262144K, used 232384K [0x0000000080000000, 0x0000000100000000)
  region size 1024K, 12 young (12288K), 2 survivors (2048K)
 Metaspace       used 148793K, capacity 152561K, committed 153300K, reserved 1183744K
  class space    used 18177K, capacity 19518K, committed 19788K, reserved 1048576K
}
Event: 3013.490 GC heap after
{Heap after GC invocations=67 (full 0):
 garbage-first heap   total 262144K, used 223894K [0x0000000080000000, 0x0000000100000000)
  region size 1024K, 2 young (2048K), 2 survivors (2048K)
 Metaspace       used 148793K, capacity 152561K, committed 153300K, reserved 1183744K
  class space    used 18177K, capacity 19518K, committed 19788K, reserved 1048576K
}
Event: 3013.533 GC heap before
{Heap before GC invocations=67 (full 0):
 garbage-first heap   total 262144K, used 234134K [0x0000000080000000, 0x0000000100000000)
  region size 1024K, 12 young (12288K), 2 survivors (2048K)
 Metaspace       used 149199K, capacity 153042K, committed 153556K, reserved 1183744K
  class space    used 18256K, capacity 19628K, committed 19788K, reserved 1048576K
}
Event: 3013.558 GC heap after
{Heap after GC invocations=68 (full 0):
 garbage-first heap   total 405504K, used 211628K [0x0000000080000000, 0x0000000100000000)
  region size 1024K, 2 young (2048K), 2 survivors (2048K)
 Metaspace       used 149199K, capacity 153042K, committed 153556K, reserved 1183744K
  class space    used 18256K, capacity 19628K, committed 19788K, reserved 1048576K
}
Event: 3014.443 GC heap before
{Heap before GC invocations=68 (full 0):
 garbage-first heap   total 405504K, used 272044K [0x0000000080000000, 0x0000000100000000)
  region size 1024K, 61 young (62464K), 2 survivors (2048K)
 Metaspace       used 153338K, capacity 157466K, committed 157780K, reserved 1187840K
  class space    used 18866K, capacity 20354K, committed 20428K, reserved 1048576K
}
Event: 3014.454 GC heap after
{Heap after GC invocations=69 (full 0):
 garbage-first heap   total 405504K, used 213420K [0x0000000080000000, 0x0000000100000000)
  region size 1024K, 4 young (4096K), 4 survivors (4096K)
 Metaspace       used 153338K, capacity 157466K, committed 157780K, reserved 1187840K
  class space    used 18866K, capacity 20354K, committed 20428K, reserved 1048576K
}
Event: 3015.336 GC heap before
{Heap before GC invocations=69 (full 0):
 garbage-first heap   total 405504K, used 278956K [0x0000000080000000, 0x0000000100000000)
  region size 1024K, 68 young (69632K), 4 survivors (4096K)
 Metaspace       used 154388K, capacity 158620K, committed 158676K, reserved 1187840K
  class space    used 18978K, capacity 20501K, committed 20556K, reserved 1048576K
}
Event: 3015.410 GC heap after
{Heap after GC invocations=70 (full 0):
 garbage-first heap   total 405504K, used 213917K [0x0000000080000000, 0x0000000100000000)
  region size 1024K, 4 young (4096K), 4 survivors (4096K)
 Metaspace       used 154388K, capacity 158620K, committed 158676K, reserved 1187840K
  class space    used 18978K, capacity 20501K, committed 20556K, reserved 1048576K
}
Event: 3016.228 GC heap before
{Heap before GC invocations=70 (full 0):
 garbage-first heap   total 405504K, used 275357K [0x0000000080000000, 0x0000000100000000)
  region size 1024K, 65 young (66560K), 4 survivors (4096K)
 Metaspace       used 154704K, capacity 158912K, committed 159188K, reserved 1187840K
  class space    used 18994K, capacity 20508K, committed 20556K, reserved 1048576K
}
Event: 3016.238 GC heap after
{Heap after GC invocations=71 (full 0):
 garbage-first heap   total 405504K, used 214816K [0x0000000080000000, 0x0000000100000000)
  region size 1024K, 5 young (5120K), 5 survivors (5120K)
 Metaspace       used 154704K, capacity 158912K, committed 159188K, reserved 1187840K
  class space    used 18994K, capacity 20508K, committed 20556K, reserved 1048576K
}
Event: 3017.381 GC heap before
{Heap before GC invocations=72 (full 0):
 garbage-first heap   total 405504K, used 292640K [0x0000000080000000, 0x0000000100000000)
  region size 1024K, 81 young (82944K), 5 survivors (5120K)
 Metaspace       used 154770K, capacity 158892K, committed 159188K, reserved 1187840K
  class space    used 18963K, capacity 20440K, committed 20556K, reserved 1048576K
}

